Build started 07/04/2015 05:10:49 AM.
     1>Project "C:\Users\009dollar\Documents\Visual Studio 2010\Projects\survelliance cam\myNewOpenCV\myNewOpenCV.vcxproj" on node 2 (build target(s)).
     1>InitializeBuildStatus:
         Creating "Debug\myNewOpenCV.unsuccessfulbuild" because "AlwaysCreate" was specified.
       ClCompile:
         C:\Program Files (x86)\Microsoft Visual Studio 10.0\VC\bin\CL.exe /c /Ic:\opencv243\build\include /ZI /nologo /W3 /WX- /Od /Oy- /D WIN32 /D _DEBUG /D _CONSOLE /D _UNICODE /D UNICODE /Gm /EHsc /RTC1 /MDd /GS /fp:precise /Zc:wchar_t /Zc:forScope /Fo"Debug\\" /Fd"Debug\vc100.pdb" /Gd /TP /analyze- /errorReport:prompt main.cpp
         main.cpp
       ManifestResourceCompile:
         C:\Program Files (x86)\Microsoft SDKs\Windows\v7.0A\bin\rc.exe /nologo /fo"Debug\myNewOpenCV.exe.embed.manifest.res" Debug\myNewOpenCV_manifest.rc 
       Link:
         C:\Program Files (x86)\Microsoft Visual Studio 10.0\VC\bin\link.exe /ERRORREPORT:PROMPT /OUT:"C:\Users\009dollar\Documents\Visual Studio 2010\Projects\survelliance cam\Debug\myNewOpenCV.exe" /INCREMENTAL /NOLOGO /LIBPATH:c:\opencv243\build\x86\vc10\lib opencv_core243d.lib opencv_imgproc243d.lib opencv_highgui243d.lib opencv_ml243d.lib opencv_video243d.lib opencv_features2d243d.lib opencv_calib3d243d.lib kernel32.lib user32.lib gdi32.lib winspool.lib comdlg32.lib advapi32.lib shell32.lib ole32.lib oleaut32.lib uuid.lib odbc32.lib odbccp32.lib /MANIFEST /ManifestFile:"Debug\myNewOpenCV.exe.intermediate.manifest" /MANIFESTUAC:"level='asInvoker' uiAccess='false'" /DEBUG /PDB:"C:\Users\009dollar\Documents\Visual Studio 2010\Projects\survelliance cam\Debug\myNewOpenCV.pdb" /SUBSYSTEM:CONSOLE /TLBID:1 /DYNAMICBASE /NXCOMPAT /IMPLIB:"C:\Users\009dollar\Documents\Visual Studio 2010\Projects\survelliance cam\Debug\myNewOpenCV.lib" /MACHINE:X86 Debug\myNewOpenCV.exe.embed.manifest.res
         Debug\main.obj
       Manifest:
         C:\Program Files (x86)\Microsoft SDKs\Windows\v7.0A\bin\mt.exe /nologo /verbose /out:"Debug\myNewOpenCV.exe.embed.manifest" /manifest Debug\myNewOpenCV.exe.intermediate.manifest
         All outputs are up-to-date.
       LinkEmbedManifest:
         All outputs are up-to-date.
         myNewOpenCV.vcxproj -> C:\Users\009dollar\Documents\Visual Studio 2010\Projects\survelliance cam\Debug\myNewOpenCV.exe
       FinalizeBuildStatus:
         Deleting file "Debug\myNewOpenCV.unsuccessfulbuild".
         Touching "Debug\myNewOpenCV.lastbuildstate".
     1>Done Building Project "C:\Users\009dollar\Documents\Visual Studio 2010\Projects\survelliance cam\myNewOpenCV\myNewOpenCV.vcxproj" (build target(s)).

Build succeeded.

Time Elapsed 00:00:03.06
